This is pdfTeX, Version 3.14159265-2.6-1.40.20 (TeX Live 2019) (preloaded format=pdflatex 2019.5.29)  22 OCT 2019 15:01
entering extended mode
 \write18 enabled.
 %&-line parsing enabled.
**"Exploring positive noise in estimation theory.tex"
(./Exploring positive noise in estimation theory.tex
LaTeX2e <2018-12-01>
(/usr/local/texlive/2019/texmf-dist/tex/latex/base/article.cls
Document Class: article 2018/09/03 v1.4i Standard LaTeX document class
(/usr/local/texlive/2019/texmf-dist/tex/latex/base/size10.clo
File: size10.clo 2018/09/03 v1.4i Standard LaTeX file (size option)
)
\c@part=\count80
\c@section=\count81
\c@subsection=\count82
\c@subsubsection=\count83
\c@paragraph=\count84
\c@subparagraph=\count85
\c@figure=\count86
\c@table=\count87
\abovecaptionskip=\skip41
\belowcaptionskip=\skip42
\bibindent=\dimen102
) (./arxiv.sty
(/usr/local/texlive/2019/texmf-dist/tex/latex/natbib/natbib.sty
Package: natbib 2010/09/13 8.31b (PWD, AO)
\bibhang=\skip43
\bibsep=\skip44
LaTeX Info: Redefining \cite on input line 694.
\c@NAT@ctr=\count88
)
(/usr/local/texlive/2019/texmf-dist/tex/latex/geometry/geometry.sty
Package: geometry 2018/04/16 v5.8 Page Geometry

(/usr/local/texlive/2019/texmf-dist/tex/latex/graphics/keyval.sty
Package: keyval 2014/10/28 v1.15 key=value parser (DPC)
\KV@toks@=\toks14
)
(/usr/local/texlive/2019/texmf-dist/tex/generic/oberdiek/ifpdf.sty
Package: ifpdf 2018/09/07 v3.3 Provides the ifpdf switch
)
(/usr/local/texlive/2019/texmf-dist/tex/generic/oberdiek/ifvtex.sty
Package: ifvtex 2016/05/16 v1.6 Detect VTeX and its facilities (HO)
Package ifvtex Info: VTeX not detected.
)
(/usr/local/texlive/2019/texmf-dist/tex/generic/ifxetex/ifxetex.sty
Package: ifxetex 2010/09/12 v0.6 Provides ifxetex conditional
)
\Gm@cnth=\count89
\Gm@cntv=\count90
\c@Gm@tempcnt=\count91
\Gm@bindingoffset=\dimen103
\Gm@wd@mp=\dimen104
\Gm@odd@mp=\dimen105
\Gm@even@mp=\dimen106
\Gm@layoutwidth=\dimen107
\Gm@layoutheight=\dimen108
\Gm@layouthoffset=\dimen109
\Gm@layoutvoffset=\dimen110
\Gm@dimlist=\toks15
)
(/usr/local/texlive/2019/texmf-dist/tex/latex/fancyhdr/fancyhdr.sty
Package: fancyhdr 2019/01/31 v3.10 Extensive control of page headers and footer
s
\f@nch@headwidth=\skip45
\f@nch@O@elh=\skip46
\f@nch@O@erh=\skip47
\f@nch@O@olh=\skip48
\f@nch@O@orh=\skip49
\f@nch@O@elf=\skip50
\f@nch@O@erf=\skip51
\f@nch@O@olf=\skip52
\f@nch@O@orf=\skip53
)
\@abovecaptionskip=\skip54
\@belowcaptionskip=\skip55
)
(/usr/local/texlive/2019/texmf-dist/tex/latex/base/inputenc.sty
Package: inputenc 2018/08/11 v1.3c Input encoding file
\inpenc@prehook=\toks16
\inpenc@posthook=\toks17
)
(/usr/local/texlive/2019/texmf-dist/tex/latex/base/fontenc.sty
Package: fontenc 2018/08/11 v2.0j Standard LaTeX package

(/usr/local/texlive/2019/texmf-dist/tex/latex/base/t1enc.def
File: t1enc.def 2018/08/11 v2.0j Standard LaTeX file
LaTeX Font Info:    Redeclaring font encoding T1 on input line 48.
))
(/usr/local/texlive/2019/texmf-dist/tex/latex/hyperref/hyperref.sty
Package: hyperref 2018/11/30 v6.88e Hypertext links for LaTeX

(/usr/local/texlive/2019/texmf-dist/tex/generic/oberdiek/hobsub-hyperref.sty
Package: hobsub-hyperref 2016/05/16 v1.14 Bundle oberdiek, subset hyperref (HO)


(/usr/local/texlive/2019/texmf-dist/tex/generic/oberdiek/hobsub-generic.sty
Package: hobsub-generic 2016/05/16 v1.14 Bundle oberdiek, subset generic (HO)
Package: hobsub 2016/05/16 v1.14 Construct package bundles (HO)
Package: infwarerr 2016/05/16 v1.4 Providing info/warning/error messages (HO)
Package: ltxcmds 2016/05/16 v1.23 LaTeX kernel commands for general use (HO)
Package: ifluatex 2016/05/16 v1.4 Provides the ifluatex switch (HO)
Package ifluatex Info: LuaTeX not detected.
Package hobsub Info: Skipping package `ifvtex' (already loaded).
Package: intcalc 2016/05/16 v1.2 Expandable calculations with integers (HO)
Package hobsub Info: Skipping package `ifpdf' (already loaded).
Package: etexcmds 2016/05/16 v1.6 Avoid name clashes with e-TeX commands (HO)
Package: kvsetkeys 2016/05/16 v1.17 Key value parser (HO)
Package: kvdefinekeys 2016/05/16 v1.4 Define keys (HO)
Package: pdftexcmds 2018/09/10 v0.29 Utility functions of pdfTeX for LuaTeX (HO
)
Package pdftexcmds Info: LuaTeX not detected.
Package pdftexcmds Info: \pdf@primitive is available.
Package pdftexcmds Info: \pdf@ifprimitive is available.
Package pdftexcmds Info: \pdfdraftmode found.
Package: pdfescape 2016/05/16 v1.14 Implements pdfTeX's escape features (HO)
Package: bigintcalc 2016/05/16 v1.4 Expandable calculations on big integers (HO
)
Package: bitset 2016/05/16 v1.2 Handle bit-vector datatype (HO)
Package: uniquecounter 2016/05/16 v1.3 Provide unlimited unique counter (HO)
)
Package hobsub Info: Skipping package `hobsub' (already loaded).
Package: letltxmacro 2016/05/16 v1.5 Let assignment for LaTeX macros (HO)
Package: hopatch 2016/05/16 v1.3 Wrapper for package hooks (HO)
Package: xcolor-patch 2016/05/16 xcolor patch
Package: atveryend 2016/05/16 v1.9 Hooks at the very end of document (HO)
Package atveryend Info: \enddocument detected (standard20110627).
Package: atbegshi 2016/06/09 v1.18 At begin shipout hook (HO)
Package: refcount 2016/05/16 v3.5 Data extraction from label references (HO)
Package: hycolor 2016/05/16 v1.8 Color options for hyperref/bookmark (HO)
)
(/usr/local/texlive/2019/texmf-dist/tex/latex/oberdiek/auxhook.sty
Package: auxhook 2016/05/16 v1.4 Hooks for auxiliary files (HO)
)
(/usr/local/texlive/2019/texmf-dist/tex/latex/oberdiek/kvoptions.sty
Package: kvoptions 2016/05/16 v3.12 Key value format for package options (HO)
)
\@linkdim=\dimen111
\Hy@linkcounter=\count92
\Hy@pagecounter=\count93

(/usr/local/texlive/2019/texmf-dist/tex/latex/hyperref/pd1enc.def
File: pd1enc.def 2018/11/30 v6.88e Hyperref: PDFDocEncoding definition (HO)
Now handling font encoding PD1 ...
... no UTF-8 mapping file for font encoding PD1
)
\Hy@SavedSpaceFactor=\count94

(/usr/local/texlive/2019/texmf-dist/tex/latex/latexconfig/hyperref.cfg
File: hyperref.cfg 2002/06/06 v1.2 hyperref configuration of TeXLive
)
Package hyperref Info: Option `draft' set `true' on input line 4393.
Package hyperref Info: Hyper figures OFF on input line 4519.
Package hyperref Info: Link nesting OFF on input line 4524.
Package hyperref Info: Hyper index ON on input line 4527.
Package hyperref Info: Plain pages OFF on input line 4534.
Package hyperref Info: Backreferencing OFF on input line 4539.
Package hyperref Info: Implicit mode ON; LaTeX internals redefined.
Package hyperref Info: Bookmarks ON on input line 4772.
\c@Hy@tempcnt=\count95

(/usr/local/texlive/2019/texmf-dist/tex/latex/url/url.sty
\Urlmuskip=\muskip10
Package: url 2013/09/16  ver 3.4  Verb mode for urls, etc.
)
LaTeX Info: Redefining \url on input line 5125.
\XeTeXLinkMargin=\dimen112
\Fld@menulength=\count96
\Field@Width=\dimen113
\Fld@charsize=\dimen114
Package hyperref Info: Hyper figures OFF on input line 6380.
Package hyperref Info: Link nesting OFF on input line 6385.
Package hyperref Info: Hyper index ON on input line 6388.
Package hyperref Info: backreferencing OFF on input line 6395.
Package hyperref Info: Link coloring OFF on input line 6400.
Package hyperref Info: Link coloring with OCG OFF on input line 6405.
Package hyperref Info: PDF/A mode OFF on input line 6410.
LaTeX Info: Redefining \ref on input line 6450.
LaTeX Info: Redefining \pageref on input line 6454.
\Hy@abspage=\count97
\c@Item=\count98
\c@Hfootnote=\count99
)
Package hyperref Info: Driver (autodetected): hpdftex.

(/usr/local/texlive/2019/texmf-dist/tex/latex/hyperref/hpdftex.def
File: hpdftex.def 2018/11/30 v6.88e Hyperref driver for pdfTeX
\Fld@listcount=\count100
\c@bookmark@seq@number=\count101

(/usr/local/texlive/2019/texmf-dist/tex/latex/oberdiek/rerunfilecheck.sty
Package: rerunfilecheck 2016/05/16 v1.8 Rerun checks for auxiliary files (HO)
Package uniquecounter Info: New unique counter `rerunfilecheck' on input line 2
82.
)
\Hy@SectionHShift=\skip56
)
(/usr/local/texlive/2019/texmf-dist/tex/latex/booktabs/booktabs.sty
Package: booktabs 2016/04/27 v1.618033 publication quality tables
\heavyrulewidth=\dimen115
\lightrulewidth=\dimen116
\cmidrulewidth=\dimen117
\belowrulesep=\dimen118
\belowbottomsep=\dimen119
\aboverulesep=\dimen120
\abovetopsep=\dimen121
\cmidrulesep=\dimen122
\cmidrulekern=\dimen123
\defaultaddspace=\dimen124
\@cmidla=\count102
\@cmidlb=\count103
\@aboverulesep=\dimen125
\@belowrulesep=\dimen126
\@thisruleclass=\count104
\@lastruleclass=\count105
\@thisrulewidth=\dimen127
)
(/usr/local/texlive/2019/texmf-dist/tex/latex/amsfonts/amsfonts.sty
Package: amsfonts 2013/01/14 v3.01 Basic AMSFonts support
\@emptytoks=\toks18
\symAMSa=\mathgroup4
\symAMSb=\mathgroup5
LaTeX Font Info:    Overwriting math alphabet `\mathfrak' in version `bold'
(Font)                  U/euf/m/n --> U/euf/b/n on input line 106.
)
(/usr/local/texlive/2019/texmf-dist/tex/latex/graphics/graphicx.sty
Package: graphicx 2017/06/01 v1.1a Enhanced LaTeX Graphics (DPC,SPQR)

(/usr/local/texlive/2019/texmf-dist/tex/latex/graphics/graphics.sty
Package: graphics 2017/06/25 v1.2c Standard LaTeX Graphics (DPC,SPQR)

(/usr/local/texlive/2019/texmf-dist/tex/latex/graphics/trig.sty
Package: trig 2016/01/03 v1.10 sin cos tan (DPC)
)
(/usr/local/texlive/2019/texmf-dist/tex/latex/graphics-cfg/graphics.cfg
File: graphics.cfg 2016/06/04 v1.11 sample graphics configuration
)
Package graphics Info: Driver file: dvips.def on input line 99.

(/usr/local/texlive/2019/texmf-dist/tex/latex/graphics-def/dvips.def
File: dvips.def 2017/06/20 v3.1d Graphics/color driver for dvips
))
\Gin@req@height=\dimen128
\Gin@req@width=\dimen129
)
(/usr/local/texlive/2019/texmf-dist/tex/latex/caption/caption.sty
Package: caption 2018/10/06 v3.3-154 Customizing captions (AR)

(/usr/local/texlive/2019/texmf-dist/tex/latex/caption/caption3.sty
Package: caption3 2018/09/12 v1.8c caption3 kernel (AR)
Package caption3 Info: TeX engine: e-TeX on input line 64.
\captionmargin=\dimen130
\captionmargin@=\dimen131
\captionwidth=\dimen132
\caption@tempdima=\dimen133
\caption@indent=\dimen134
\caption@parindent=\dimen135
\caption@hangindent=\dimen136
)
\c@caption@flags=\count106
\c@ContinuedFloat=\count107
Package caption Info: hyperref package is loaded.
)
(/usr/local/texlive/2019/texmf-dist/tex/latex/amsfonts/amssymb.sty
Package: amssymb 2013/01/14 v3.01 AMS font symbols
)
(/usr/local/texlive/2019/texmf-dist/tex/latex/amsmath/amsmath.sty
Package: amsmath 2018/12/01 v2.17b AMS math features
\@mathmargin=\skip57

For additional information on amsmath, use the `?' option.
(/usr/local/texlive/2019/texmf-dist/tex/latex/amsmath/amstext.sty
Package: amstext 2000/06/29 v2.01 AMS text

(/usr/local/texlive/2019/texmf-dist/tex/latex/amsmath/amsgen.sty
File: amsgen.sty 1999/11/30 v2.0 generic functions
\@emptytoks=\toks19
\ex@=\dimen137
))
(/usr/local/texlive/2019/texmf-dist/tex/latex/amsmath/amsbsy.sty
Package: amsbsy 1999/11/29 v1.2d Bold Symbols
\pmbraise@=\dimen138
)
(/usr/local/texlive/2019/texmf-dist/tex/latex/amsmath/amsopn.sty
Package: amsopn 2016/03/08 v2.02 operator names
)
\inf@bad=\count108
LaTeX Info: Redefining \frac on input line 223.
\uproot@=\count109
\leftroot@=\count110
LaTeX Info: Redefining \overline on input line 385.
\classnum@=\count111
\DOTSCASE@=\count112
LaTeX Info: Redefining \ldots on input line 482.
LaTeX Info: Redefining \dots on input line 485.
LaTeX Info: Redefining \cdots on input line 606.
\Mathstrutbox@=\box27
\strutbox@=\box28
\big@size=\dimen139
LaTeX Font Info:    Redeclaring font encoding OML on input line 729.
LaTeX Font Info:    Redeclaring font encoding OMS on input line 730.
\macc@depth=\count113
\c@MaxMatrixCols=\count114
\dotsspace@=\muskip11
\c@parentequation=\count115
\dspbrk@lvl=\count116
\tag@help=\toks20
\row@=\count117
\column@=\count118
\maxfields@=\count119
\andhelp@=\toks21
\eqnshift@=\dimen140
\alignsep@=\dimen141
\tagshift@=\dimen142
\tagwidth@=\dimen143
\totwidth@=\dimen144
\lineht@=\dimen145
\@envbody=\toks22
\multlinegap=\skip58
\multlinetaggap=\skip59
\mathdisplay@stack=\toks23
LaTeX Info: Redefining \[ on input line 2844.
LaTeX Info: Redefining \] on input line 2845.
)
(/usr/local/texlive/2019/texmf-dist/tex/latex/subfig/subfig.sty
Package: subfig 2005/06/28 ver: 1.3 subfig package
\c@KVtest=\count120
\sf@farskip=\skip60
\sf@captopadj=\dimen146
\sf@capskip=\skip61
\sf@nearskip=\skip62
\c@subfigure=\count121
\c@subfigure@save=\count122
\c@lofdepth=\count123
\c@subtable=\count124
\c@subtable@save=\count125
\c@lotdepth=\count126
\sf@top=\skip63
\sf@bottom=\skip64
)
(/usr/local/texlive/2019/texmf-dist/tex/latex/graphics/color.sty
Package: color 2016/07/10 v1.1e Standard LaTeX Color (DPC)

(/usr/local/texlive/2019/texmf-dist/tex/latex/graphics-cfg/color.cfg
File: color.cfg 2016/01/02 v1.6 sample color configuration
)
Package color Info: Driver file: pdftex.def on input line 147.

(/usr/local/texlive/2019/texmf-dist/tex/latex/graphics-def/pdftex.def
File: pdftex.def 2018/01/08 v1.0l Graphics/color driver for pdftex
))
(/usr/local/texlive/2019/texmf-dist/tex/latex/tools/bm.sty
Package: bm 2017/01/16 v1.2c Bold Symbol Support (DPC/FMi)
\symboldoperators=\mathgroup6
\symboldletters=\mathgroup7
\symboldsymbols=\mathgroup8
LaTeX Font Info:    Redeclaring math alphabet \mathbf on input line 141.
LaTeX Info: Redefining \bm on input line 207.
)
(/usr/local/texlive/2019/texmf-dist/tex/latex/framed/framed.sty
Package: framed 2011/10/22 v 0.96: framed or shaded text with page breaks
\OuterFrameSep=\skip65
\fb@frw=\dimen147
\fb@frh=\dimen148
\FrameRule=\dimen149
\FrameSep=\dimen150
)
(/usr/local/texlive/2019/texmf-dist/tex/latex/ntheorem/ntheorem.sty
Style `ntheorem', Version 1.33 <2011/08/15>
Package: ntheorem 2011/08/15 1.33
(/usr/local/texlive/2019/texmf-dist/tex/latex/base/ifthen.sty
Package: ifthen 2014/09/29 v1.1c Standard LaTeX ifthen package (DPC)
)
\theorem@style=\toks24
\theorem@@style=\toks25
\theorembodyfont=\toks26
\theoremnumbering=\toks27
\theorempreskipamount=\skip66
\theorempostskipamount=\skip67
\theoremframepreskipamount=\skip68
\theoremframepostskipamount=\skip69
\theoreminframepreskipamount=\skip70
\theoreminframepostskipamount=\skip71
\theorem@preskip=\toks28
\theorem@postskip=\toks29
\theorem@framepreskip=\toks30
\theorem@framepostskip=\toks31
\theorem@inframepreskip=\toks32
\theorem@inframepostskip=\toks33
\theoremindent=\dimen151
\theorem@indent=\dimen152
\theoremrightindent=\dimen153
\theorem@rightindent=\dimen154
\theoremheaderfont=\toks34
\theoremseparator=\toks35
\theoremprework=\toks36
\theorempostwork=\toks37
\theoremsymbol=\toks38
\qedsymbol=\toks39
\theoremkeyword=\toks40
\qedsymbol=\toks41
\thm@topsep=\skip72
\thm@topsepadd=\skip73
\shadecolor=\toks42
)
(/usr/local/texlive/2019/texmf-dist/tex/latex/algorithms/algorithm.sty
Package: algorithm 2009/08/24 v0.1 Document Style `algorithm' - floating enviro
nment

(/usr/local/texlive/2019/texmf-dist/tex/latex/float/float.sty
Package: float 2001/11/08 v1.3d Float enhancements (AL)
\c@float@type=\count127
\float@exts=\toks43
\float@box=\box29
\@float@everytoks=\toks44
\@floatcapt=\box30
)
\@float@every@algorithm=\toks45
\c@algorithm=\count128
)
(/usr/local/texlive/2019/texmf-dist/tex/latex/algorithms/algorithmic.sty
Package: algorithmic 2009/08/24 v0.1 Document Style `algorithmic'
\c@ALC@unique=\count129
\c@ALC@line=\count130
\c@ALC@rem=\count131
\c@ALC@depth=\count132
\ALC@tlm=\skip74
\algorithmicindent=\skip75
)
(/usr/local/texlive/2019/texmf-dist/tex/latex/multirow/multirow.sty
Package: multirow 2019/01/01 v2.4 Span multiple rows of a table
\multirow@colwidth=\skip76
\multirow@cntb=\count133
\multirow@dima=\skip77
\bigstrutjot=\dimen155
)
(/usr/local/texlive/2019/texmf-dist/tex/latex/oberdiek/epstopdf.sty
Package: epstopdf 2016/05/15 v2.6 Conversion with epstopdf on the fly (HO)

(/usr/local/texlive/2019/texmf-dist/tex/latex/oberdiek/epstopdf-base.sty
Package: epstopdf-base 2016/05/15 v2.6 Base part for package epstopdf

(/usr/local/texlive/2019/texmf-dist/tex/latex/oberdiek/grfext.sty
Package: grfext 2016/05/16 v1.2 Manage graphics extensions (HO)
)
Package epstopdf-base Info: Redefining graphics rule for `.eps' on input line 4
38.
Package grfext Info: Graphics extension search list:
(grfext)             [.pdf,.png,.jpg,.mps,.jpeg,.jbig2,.jb2,.PDF,.PNG,.JPG,.JPE
G,.JBIG2,.JB2,.eps]
(grfext)             \AppendGraphicsExtensions on input line 456.

(/usr/local/texlive/2019/texmf-dist/tex/latex/latexconfig/epstopdf-sys.cfg
File: epstopdf-sys.cfg 2010/07/13 v1.3 Configuration of (r)epstopdf for TeX Liv
e
)))
\c@frm-thm=\count134

(./Exploring positive noise in estimation theory.aux)
\openout1 = `"Exploring positive noise in estimation theory.aux"'.

LaTeX Font Info:    Checking defaults for OML/cmm/m/it on input line 104.
LaTeX Font Info:    ... okay on input line 104.
LaTeX Font Info:    Checking defaults for T1/cmr/m/n on input line 104.
LaTeX Font Info:    ... okay on input line 104.
LaTeX Font Info:    Checking defaults for OT1/cmr/m/n on input line 104.
LaTeX Font Info:    ... okay on input line 104.
LaTeX Font Info:    Checking defaults for OMS/cmsy/m/n on input line 104.
LaTeX Font Info:    ... okay on input line 104.
LaTeX Font Info:    Checking defaults for OMX/cmex/m/n on input line 104.
LaTeX Font Info:    ... okay on input line 104.
LaTeX Font Info:    Checking defaults for U/cmr/m/n on input line 104.
LaTeX Font Info:    ... okay on input line 104.
LaTeX Font Info:    Checking defaults for PD1/pdf/m/n on input line 104.
LaTeX Font Info:    ... okay on input line 104.
LaTeX Font Info:    Try loading font information for T1+ptm on input line 104.

(/usr/local/texlive/2019/texmf-dist/tex/latex/psnfss/t1ptm.fd
File: t1ptm.fd 2001/06/04 font definitions for T1/ptm.
)
*geometry* driver: auto-detecting
*geometry* detected driver: pdftex
*geometry* verbose mode - [ preamble ] result:
* driver: pdftex
* paper: letterpaper
* layout: <same size as paper>
* layoutoffset:(h,v)=(0.0pt,0.0pt)
* modes: 
* h-part:(L,W,R)=(92.14519pt, 430.00462pt, 92.14519pt)
* v-part:(T,H,B)=(95.39737pt, 556.47656pt, 143.09605pt)
* \paperwidth=614.295pt
* \paperheight=794.96999pt
* \textwidth=430.00462pt
* \textheight=556.47656pt
* \oddsidemargin=19.8752pt
* \evensidemargin=19.8752pt
* \topmargin=-13.87262pt
* \headheight=12.0pt
* \headsep=25.0pt
* \topskip=10.0pt
* \footskip=30.0pt
* \marginparwidth=65.0pt
* \marginparsep=11.0pt
* \columnsep=10.0pt
* \skip\footins=9.0pt plus 4.0pt minus 2.0pt
* \hoffset=0.0pt
* \voffset=0.0pt
* \mag=1000
* \@twocolumnfalse
* \@twosidefalse
* \@mparswitchfalse
* \@reversemarginfalse
* (1in=72.27pt=25.4mm, 1cm=28.453pt)

*geometry* verbose mode - [ newgeometry ] result:
* driver: pdftex
* paper: letterpaper
* layout: <same size as paper>
* layoutoffset:(h,v)=(0.0pt,0.0pt)
* modes: 
* h-part:(L,W,R)=(72.27pt, 469.75499pt, 72.27pt)
* v-part:(T,H,B)=(72.26999pt, 650.43pt, 72.27pt)
* \paperwidth=614.295pt
* \paperheight=794.96999pt
* \textwidth=469.75499pt
* \textheight=650.43pt
* \oddsidemargin=0.00002pt
* \evensidemargin=0.00002pt
* \topmargin=-39.0pt
* \headheight=14.0pt
* \headsep=25.0pt
* \topskip=10.0pt
* \footskip=30.0pt
* \marginparwidth=65.0pt
* \marginparsep=11.0pt
* \columnsep=10.0pt
* \skip\footins=9.0pt plus 4.0pt minus 2.0pt
* \hoffset=0.0pt
* \voffset=0.0pt
* \mag=1000
* \@twocolumnfalse
* \@twosidefalse
* \@mparswitchfalse
* \@reversemarginfalse
* (1in=72.27pt=25.4mm, 1cm=28.453pt)

\AtBeginShipoutBox=\box31

Package hyperref Warning: Draft mode on.

Package hyperref Info: Link coloring OFF on input line 104.
(/usr/local/texlive/2019/texmf-dist/tex/latex/hyperref/nameref.sty
Package: nameref 2016/05/21 v2.44 Cross-referencing by name of section

(/usr/local/texlive/2019/texmf-dist/tex/generic/oberdiek/gettitlestring.sty
Package: gettitlestring 2016/05/16 v1.5 Cleanup title references (HO)
)
\c@section@level=\count135
)
LaTeX Info: Redefining \ref on input line 104.
LaTeX Info: Redefining \pageref on input line 104.
LaTeX Info: Redefining \nameref on input line 104.
Package caption Info: Begin \AtBeginDocument code.
Package caption Info: subfig package v1.3 is loaded.
Package caption Info: float package is loaded.
Package caption Info: End \AtBeginDocument code.

(/usr/local/texlive/2019/texmf-dist/tex/context/base/mkii/supp-pdf.mkii
[Loading MPS to PDF converter (version 2006.09.02).]
\scratchcounter=\count136
\scratchdimen=\dimen156
\scratchbox=\box32
\nofMPsegments=\count137
\nofMParguments=\count138
\everyMPshowfont=\toks46
\MPscratchCnt=\count139
\MPscratchDim=\dimen157
\MPnumerator=\count140
\makeMPintoPDFobject=\count141
\everyMPtoPDFconversion=\toks47
)
LaTeX Font Info:    Try loading font information for U+msa on input line 106.
 (/usr/local/texlive/2019/texmf-dist/tex/latex/amsfonts/umsa.fd
File: umsa.fd 2013/01/14 v3.01 AMS symbols A
)
LaTeX Font Info:    Try loading font information for U+msb on input line 106.

(/usr/local/texlive/2019/texmf-dist/tex/latex/amsfonts/umsb.fd
File: umsb.fd 2013/01/14 v3.01 AMS symbols B
)
LaTeX Font Info:    Font shape `T1/ptm/bx/n' in size <10> not available
(Font)              Font shape `T1/ptm/b/n' tried instead on input line 106.
LaTeX Font Info:    Try loading font information for T1+cmtt on input line 106.


(/usr/local/texlive/2019/texmf-dist/tex/latex/base/t1cmtt.fd
File: t1cmtt.fd 2014/09/29 v2.5h Standard LaTeX font definitions
)
LaTeX Font Info:    Font shape `T1/ptm/bx/n' in size <12> not available
(Font)              Font shape `T1/ptm/b/n' tried instead on input line 107.
LaTeX Font Info:    Font shape `T1/ptm/bx/sc' in size <12> not available
(Font)              Font shape `T1/ptm/b/sc' tried instead on input line 107.
LaTeX Font Info:    Font shape `T1/ptm/bx/it' in size <10> not available
(Font)              Font shape `T1/ptm/b/it' tried instead on input line 114.
 [1
Non-PDF special ignored!
<special> papersize=614.295pt,794.96999pt


{/usr/local/texlive/2019/texmf-var/fonts/map/pdftex/updmap/pdftex.map}]

LaTeX Warning: No positions in optional float specifier.
               Default added (so using `tbp') on input line 139.

Package epstopdf Info: Source file: <./fig/kista_1.eps>
(epstopdf)                    date: 2018-12-05 18:03:17
(epstopdf)                    size: 37067 bytes
(epstopdf)             Output file: <./fig/kista_1-eps-converted-to.pdf>
(epstopdf)                    date: 2018-12-05 18:03:22
(epstopdf)                    size: 35881 bytes
(epstopdf)             Command: <epstopdf --outfile=./fig/kista_1-eps-converted
-to.pdf ./fig/kista_1.eps>
(epstopdf)             \includegraphics on input line 142.
Package epstopdf Info: Output file is already uptodate.
<./fig/kista_1-eps-converted-to.pdf, id=16, 562.1pt x 421.575pt>
File: ./fig/kista_1-eps-converted-to.pdf Graphic file (type pdf)
<use ./fig/kista_1-eps-converted-to.pdf>
Package pdftex.def Info: ./fig/kista_1-eps-converted-to.pdf  used on input line
 142.
(pdftex.def)             Requested size: 155.02pt x 116.26476pt.
Package epstopdf Info: Source file: <./fig/kista_2.eps>
(epstopdf)                    date: 2018-12-05 18:03:57
(epstopdf)                    size: 37506 bytes
(epstopdf)             Output file: <./fig/kista_2-eps-converted-to.pdf>
(epstopdf)                    date: 2018-12-05 18:04:31
(epstopdf)                    size: 37026 bytes
(epstopdf)             Command: <epstopdf --outfile=./fig/kista_2-eps-converted
-to.pdf ./fig/kista_2.eps>
(epstopdf)             \includegraphics on input line 145.
Package epstopdf Info: Output file is already uptodate.
<./fig/kista_2-eps-converted-to.pdf, id=17, 562.1pt x 421.575pt>
File: ./fig/kista_2-eps-converted-to.pdf Graphic file (type pdf)
<use ./fig/kista_2-eps-converted-to.pdf>
Package pdftex.def Info: ./fig/kista_2-eps-converted-to.pdf  used on input line
 145.
(pdftex.def)             Requested size: 155.02pt x 116.26476pt.
Package epstopdf Info: Source file: <./fig/kista_3.eps>
(epstopdf)                    date: 2018-12-05 18:04:25
(epstopdf)                    size: 35216 bytes
(epstopdf)             Output file: <./fig/kista_3-eps-converted-to.pdf>
(epstopdf)                    date: 2018-12-05 18:04:32
(epstopdf)                    size: 35364 bytes
(epstopdf)             Command: <epstopdf --outfile=./fig/kista_3-eps-converted
-to.pdf ./fig/kista_3.eps>
(epstopdf)             \includegraphics on input line 148.
Package epstopdf Info: Output file is already uptodate.
<./fig/kista_3-eps-converted-to.pdf, id=18, 562.1pt x 421.575pt>
File: ./fig/kista_3-eps-converted-to.pdf Graphic file (type pdf)
<use ./fig/kista_3-eps-converted-to.pdf>
Package pdftex.def Info: ./fig/kista_3-eps-converted-to.pdf  used on input line
 148.
(pdftex.def)             Requested size: 155.02pt x 116.26476pt.
[2 <./fig/kista_1-eps-converted-to.pdf> <./fig/kista_2-eps-converted-to.pdf> <.
/fig/kista_3-eps-converted-to.pdf>] [3]

LaTeX Warning: No positions in optional float specifier.
               Default added (so using `tbp') on input line 279.

[4] [5] [6] [7] [8] [9] [10]
Overfull \hbox (10.81378pt too wide) detected at line 917
[]
 []

[11] [12] [13]
LaTeX Font Info:    Try loading font information for OMS+ptm on input line 1372
.
 (/usr/local/texlive/2019/texmf-dist/tex/latex/psnfss/omsptm.fd
File: omsptm.fd 
)
LaTeX Font Info:    Font shape `OMS/ptm/m/n' in size <10> not available
(Font)              Font shape `OMS/cmsy/m/n' tried instead on input line 1372.


[14]
Package epstopdf Info: Source file: <./fig/cdf_error.eps>
(epstopdf)                    date: 2019-05-31 18:10:32
(epstopdf)                    size: 102381 bytes
(epstopdf)             Output file: <./fig/cdf_error-eps-converted-to.pdf>
(epstopdf)                    date: 2019-05-31 18:10:50
(epstopdf)                    size: 40648 bytes
(epstopdf)             Command: <epstopdf --outfile=./fig/cdf_error-eps-convert
ed-to.pdf ./fig/cdf_error.eps>
(epstopdf)             \includegraphics on input line 1410.
Package epstopdf Info: Output file is already uptodate.
<./fig/cdf_error-eps-converted-to.pdf, id=96, 562.1pt x 421.575pt>
File: ./fig/cdf_error-eps-converted-to.pdf Graphic file (type pdf)
<use ./fig/cdf_error-eps-converted-to.pdf>
Package pdftex.def Info: ./fig/cdf_error-eps-converted-to.pdf  used on input li
ne 1410.
(pdftex.def)             Requested size: 251.69524pt x 188.7678pt.

Overfull \hbox (30.90982pt too wide) in paragraph at lines 1410--1411
[][] 
 []

Package epstopdf Info: Source file: <./fig/estimationMse_unif.eps>
(epstopdf)                    date: 2019-05-31 16:29:54
(epstopdf)                    size: 291356 bytes
(epstopdf)             Output file: <./fig/estimationMse_unif-eps-converted-to.
pdf>
(epstopdf)                    date: 2019-05-31 18:15:11
(epstopdf)                    size: 60024 bytes
(epstopdf)             Command: <epstopdf --outfile=./fig/estimationMse_unif-ep
s-converted-to.pdf ./fig/estimationMse_unif.eps>
(epstopdf)             \includegraphics on input line 1416.
Package epstopdf Info: Output file is already uptodate.
<./fig/estimationMse_unif-eps-converted-to.pdf, id=97, 494.84875pt x 490.83376p
t>
File: ./fig/estimationMse_unif-eps-converted-to.pdf Graphic file (type pdf)
<use ./fig/estimationMse_unif-eps-converted-to.pdf>
Package pdftex.def Info: ./fig/estimationMse_unif-eps-converted-to.pdf  used on
 input line 1416.
(pdftex.def)             Requested size: 220.78542pt x 218.99327pt.
Package epstopdf Info: Source file: <./fig/estimationMse_exponential.eps>
(epstopdf)                    date: 2019-05-31 17:08:47
(epstopdf)                    size: 299509 bytes
(epstopdf)             Output file: <./fig/estimationMse_exponential-eps-conver
ted-to.pdf>
(epstopdf)                    date: 2019-05-31 18:24:02
(epstopdf)                    size: 59209 bytes
(epstopdf)             Command: <epstopdf --outfile=./fig/estimationMse_exponen
tial-eps-converted-to.pdf ./fig/estimationMse_exponential.eps>
(epstopdf)             \includegraphics on input line 1450.
Package epstopdf Info: Output file is already uptodate.
<./fig/estimationMse_exponential-eps-converted-to.pdf, id=98, 494.84875pt x 490
.83376pt>
File: ./fig/estimationMse_exponential-eps-converted-to.pdf Graphic file (type p
df)
<use ./fig/estimationMse_exponential-eps-converted-to.pdf>
Package pdftex.def Info: ./fig/estimationMse_exponential-eps-converted-to.pdf  
used on input line 1450.
(pdftex.def)             Requested size: 211.3883pt x 209.66884pt.
Package epstopdf Info: Source file: <./fig/estimationMse_exponential_zoom.eps>
(epstopdf)                    date: 2019-05-31 17:08:48
(epstopdf)                    size: 39912 bytes
(epstopdf)             Output file: <./fig/estimationMse_exponential_zoom-eps-c
onverted-to.pdf>
(epstopdf)                    date: 2019-05-31 18:24:02
(epstopdf)                    size: 11676 bytes
(epstopdf)             Command: <epstopdf --outfile=./fig/estimationMse_exponen
tial_zoom-eps-converted-to.pdf ./fig/estimationMse_exponential_zoom.eps>
(epstopdf)             \includegraphics on input line 1453.
Package epstopdf Info: Output file is already uptodate.
<./fig/estimationMse_exponential_zoom-eps-converted-to.pdf, id=99, 501.875pt x 
398.48875pt>
File: ./fig/estimationMse_exponential_zoom-eps-converted-to.pdf Graphic file (t
ype pdf)
<use ./fig/estimationMse_exponential_zoom-eps-converted-to.pdf>
Package pdftex.def Info: ./fig/estimationMse_exponential_zoom-eps-converted-to.
pdf  used on input line 1453.
(pdftex.def)             Requested size: 211.3883pt x 167.84448pt.
Package epstopdf Info: Source file: <./fig/estimationMse_rayleigh.eps>
(epstopdf)                    date: 2019-05-31 17:10:38
(epstopdf)                    size: 289614 bytes
(epstopdf)             Output file: <./fig/estimationMse_rayleigh-eps-converted
-to.pdf>
(epstopdf)                    date: 2019-06-03 09:04:56
(epstopdf)                    size: 56427 bytes
(epstopdf)             Command: <epstopdf --outfile=./fig/estimationMse_rayleig
h-eps-converted-to.pdf ./fig/estimationMse_rayleigh.eps>
(epstopdf)             \includegraphics on input line 1461.
Package epstopdf Info: Output file is already uptodate.
<./fig/estimationMse_rayleigh-eps-converted-to.pdf, id=100, 494.84875pt x 490.8
3376pt>
File: ./fig/estimationMse_rayleigh-eps-converted-to.pdf Graphic file (type pdf)

<use ./fig/estimationMse_rayleigh-eps-converted-to.pdf>
Package pdftex.def Info: ./fig/estimationMse_rayleigh-eps-converted-to.pdf  use
d on input line 1461.
(pdftex.def)             Requested size: 211.3883pt x 209.66884pt.
Package epstopdf Info: Source file: <./fig/estimationMse_rayleigh_zoom.eps>
(epstopdf)                    date: 2019-05-31 17:10:40
(epstopdf)                    size: 39909 bytes
(epstopdf)             Output file: <./fig/estimationMse_rayleigh_zoom-eps-conv
erted-to.pdf>
(epstopdf)                    date: 2019-06-03 09:04:56
(epstopdf)                    size: 11635 bytes
(epstopdf)             Command: <epstopdf --outfile=./fig/estimationMse_rayleig
h_zoom-eps-converted-to.pdf ./fig/estimationMse_rayleigh_zoom.eps>
(epstopdf)             \includegraphics on input line 1464.
Package epstopdf Info: Output file is already uptodate.
<./fig/estimationMse_rayleigh_zoom-eps-converted-to.pdf, id=101, 501.875pt x 39
8.48875pt>
File: ./fig/estimationMse_rayleigh_zoom-eps-converted-to.pdf Graphic file (type
 pdf)
<use ./fig/estimationMse_rayleigh_zoom-eps-converted-to.pdf>
Package pdftex.def Info: ./fig/estimationMse_rayleigh_zoom-eps-converted-to.pdf
  used on input line 1464.
(pdftex.def)             Requested size: 211.3883pt x 167.84448pt.
[15 <./fig/cdf_error-eps-converted-to.pdf> <./fig/estimationMse_unif-eps-conver
ted-to.pdf>]
Package epstopdf Info: Source file: <./fig/estimationMse_weibull.eps>
(epstopdf)                    date: 2019-05-31 17:20:22
(epstopdf)                    size: 235153 bytes
(epstopdf)             Output file: <./fig/estimationMse_weibull-eps-converted-
to.pdf>
(epstopdf)                    date: 2019-06-03 09:15:23
(epstopdf)                    size: 48730 bytes
(epstopdf)             Command: <epstopdf --outfile=./fig/estimationMse_weibull
-eps-converted-to.pdf ./fig/estimationMse_weibull.eps>
(epstopdf)             \includegraphics on input line 1509.
Package epstopdf Info: Output file is already uptodate.
<./fig/estimationMse_weibull-eps-converted-to.pdf, id=118, 494.84875pt x 470.75
874pt>
File: ./fig/estimationMse_weibull-eps-converted-to.pdf Graphic file (type pdf)
<use ./fig/estimationMse_weibull-eps-converted-to.pdf>
Package pdftex.def Info: ./fig/estimationMse_weibull-eps-converted-to.pdf  used
 on input line 1509.
(pdftex.def)             Requested size: 211.3883pt x 201.09341pt.
Package epstopdf Info: Source file: <./fig/estimationMse_pareto.eps>
(epstopdf)                    date: 2019-05-31 18:00:52
(epstopdf)                    size: 235190 bytes
(epstopdf)             Output file: <./fig/estimationMse_pareto-eps-converted-t
o.pdf>
(epstopdf)                    date: 2019-06-03 09:15:24
(epstopdf)                    size: 45847 bytes
(epstopdf)             Command: <epstopdf --outfile=./fig/estimationMse_pareto-
eps-converted-to.pdf ./fig/estimationMse_pareto.eps>
(epstopdf)             \includegraphics on input line 1512.
Package epstopdf Info: Output file is already uptodate.
<./fig/estimationMse_pareto-eps-converted-to.pdf, id=119, 494.84875pt x 470.758
74pt>
File: ./fig/estimationMse_pareto-eps-converted-to.pdf Graphic file (type pdf)
<use ./fig/estimationMse_pareto-eps-converted-to.pdf>
Package pdftex.def Info: ./fig/estimationMse_pareto-eps-converted-to.pdf  used 
on input line 1512.
(pdftex.def)             Requested size: 211.3883pt x 201.09341pt.
Package epstopdf Info: Source file: <./fig/mixture_pdf.eps>
(epstopdf)                    date: 2019-06-03 10:14:37
(epstopdf)                    size: 64534 bytes
(epstopdf)             Output file: <./fig/mixture_pdf-eps-converted-to.pdf>
(epstopdf)                    date: 2019-06-03 10:14:47
(epstopdf)                    size: 102295 bytes
(epstopdf)             Command: <epstopdf --outfile=./fig/mixture_pdf-eps-conve
rted-to.pdf ./fig/mixture_pdf.eps>
(epstopdf)             \includegraphics on input line 1521.
Package epstopdf Info: Output file is already uptodate.
<./fig/mixture_pdf-eps-converted-to.pdf, id=120, 562.1pt x 505.89pt>
File: ./fig/mixture_pdf-eps-converted-to.pdf Graphic file (type pdf)
<use ./fig/mixture_pdf-eps-converted-to.pdf>
Package pdftex.def Info: ./fig/mixture_pdf-eps-converted-to.pdf  used on input 
line 1521.
(pdftex.def)             Requested size: 211.3883pt x 190.24863pt.
Package epstopdf Info: Source file: <./fig/mixture_cdf.eps>
(epstopdf)                    date: 2019-06-03 10:13:20
(epstopdf)                    size: 69233 bytes
(epstopdf)             Output file: <./fig/mixture_cdf-eps-converted-to.pdf>
(epstopdf)                    date: 2019-06-03 10:14:48
(epstopdf)                    size: 27153 bytes
(epstopdf)             Command: <epstopdf --outfile=./fig/mixture_cdf-eps-conve
rted-to.pdf ./fig/mixture_cdf.eps>
(epstopdf)             \includegraphics on input line 1524.
Package epstopdf Info: Output file is already uptodate.
<./fig/mixture_cdf-eps-converted-to.pdf, id=121, 562.1pt x 421.575pt>
File: ./fig/mixture_cdf-eps-converted-to.pdf Graphic file (type pdf)
<use ./fig/mixture_cdf-eps-converted-to.pdf>
Package pdftex.def Info: ./fig/mixture_cdf-eps-converted-to.pdf  used on input 
line 1524.
(pdftex.def)             Requested size: 211.3883pt x 158.54051pt.

Underfull \vbox (badness 10000) has occurred while \output is active []

 [16 <./fig/estimationMse_exponential-eps-converted-to.pdf> <./fig/estimationMs
e_exponential_zoom-eps-converted-to.pdf> <./fig/estimationMse_rayleigh-eps-conv
erted-to.pdf> <./fig/estimationMse_rayleigh_zoom-eps-converted-to.pdf>]
Underfull \vbox (badness 10000) has occurred while \output is active []

 [17 <./fig/estimationMse_weibull-eps-converted-to.pdf> <./fig/estimationMse_pa
reto-eps-converted-to.pdf> <./fig/mixture_pdf-eps-converted-to.pdf> <./fig/mixt
ure_cdf-eps-converted-to.pdf>]

LaTeX Warning: No positions in optional float specifier.
               Default added (so using `tbp') on input line 1549.

Package epstopdf Info: Source file: <./fig/estimationMse_mixture01.eps>
(epstopdf)                    date: 2019-06-03 11:19:45
(epstopdf)                    size: 148228 bytes
(epstopdf)             Output file: <./fig/estimationMse_mixture01-eps-converte
d-to.pdf>
(epstopdf)                    date: 2019-06-03 11:31:08
(epstopdf)                    size: 33557 bytes
(epstopdf)             Command: <epstopdf --outfile=./fig/estimationMse_mixture
01-eps-converted-to.pdf ./fig/estimationMse_mixture01.eps>
(epstopdf)             \includegraphics on input line 1552.
Package epstopdf Info: Output file is already uptodate.
<./fig/estimationMse_mixture01-eps-converted-to.pdf, id=175, 506.89375pt x 449.
68pt>
File: ./fig/estimationMse_mixture01-eps-converted-to.pdf Graphic file (type pdf
)
<use ./fig/estimationMse_mixture01-eps-converted-to.pdf>
Package pdftex.def Info: ./fig/estimationMse_mixture01-eps-converted-to.pdf  us
ed on input line 1552.
(pdftex.def)             Requested size: 155.02pt x 137.51929pt.
Package epstopdf Info: Source file: <./fig/estimationMse_mixture99.eps>
(epstopdf)                    date: 2019-06-03 11:19:45
(epstopdf)                    size: 145543 bytes
(epstopdf)             Output file: <./fig/estimationMse_mixture99-eps-converte
d-to.pdf>
(epstopdf)                    date: 2019-06-03 11:31:09
(epstopdf)                    size: 32383 bytes
(epstopdf)             Command: <epstopdf --outfile=./fig/estimationMse_mixture
99-eps-converted-to.pdf ./fig/estimationMse_mixture99.eps>
(epstopdf)             \includegraphics on input line 1555.
Package epstopdf Info: Output file is already uptodate.
<./fig/estimationMse_mixture99-eps-converted-to.pdf, id=176, 506.89375pt x 394.
47375pt>
File: ./fig/estimationMse_mixture99-eps-converted-to.pdf Graphic file (type pdf
)
<use ./fig/estimationMse_mixture99-eps-converted-to.pdf>
Package pdftex.def Info: ./fig/estimationMse_mixture99-eps-converted-to.pdf  us
ed on input line 1555.
(pdftex.def)             Requested size: 155.02pt x 120.63634pt.
Package epstopdf Info: Source file: <./fig/estimationMse_mixture5.eps>
(epstopdf)                    date: 2019-06-03 11:19:45
(epstopdf)                    size: 150018 bytes
(epstopdf)             Output file: <./fig/estimationMse_mixture5-eps-converted
-to.pdf>
(epstopdf)                    date: 2019-06-03 11:31:09
(epstopdf)                    size: 32503 bytes
(epstopdf)             Command: <epstopdf --outfile=./fig/estimationMse_mixture
5-eps-converted-to.pdf ./fig/estimationMse_mixture5.eps>
(epstopdf)             \includegraphics on input line 1558.
Package epstopdf Info: Output file is already uptodate.
<./fig/estimationMse_mixture5-eps-converted-to.pdf, id=177, 506.89375pt x 398.4
8875pt>
File: ./fig/estimationMse_mixture5-eps-converted-to.pdf Graphic file (type pdf)

<use ./fig/estimationMse_mixture5-eps-converted-to.pdf>
Package pdftex.def Info: ./fig/estimationMse_mixture5-eps-converted-to.pdf  use
d on input line 1558.
(pdftex.def)             Requested size: 155.02pt x 121.8642pt.
(./Exploring positive noise in estimation theory.bbl [18 <./fig/estimationMse_m
ixture01-eps-converted-to.pdf> <./fig/estimationMse_mixture99-eps-converted-to.
pdf> <./fig/estimationMse_mixture5-eps-converted-to.pdf>])
\tf@thm=\write3
\openout3 = `"Exploring positive noise in estimation theory.thm"'.

Package atveryend Info: Empty hook `BeforeClearDocument' on input line 1572.
 [19]
Package atveryend Info: Empty hook `AfterLastShipout' on input line 1572.

(./Exploring positive noise in estimation theory.aux)
Package atveryend Info: Executing hook `AtVeryEndDocument' on input line 1572.
Package atveryend Info: Empty hook `AtEndAfterFileList' on input line 1572.
Package atveryend Info: Empty hook `AtVeryVeryEnd' on input line 1572.
 ) 
Here is how much of TeX's memory you used:
 9398 strings out of 492616
 142402 string characters out of 6129481
 273726 words of memory out of 5000000
 13124 multiletter control sequences out of 15000+600000
 50872 words of font info for 72 fonts, out of 8000000 for 9000
 1141 hyphenation exceptions out of 8191
 36i,21n,49p,1285b,489s stack positions out of 5000i,500n,10000p,200000b,80000s
{/usr/local/texlive/2019/texmf-dist/fonts/enc/dvips/base/8r.enc}{/usr/local/t
exlive/2019/texmf-dist/fonts/enc/dvips/cm-super/cm-super-t1.enc}</usr/local/tex
live/2019/texmf-dist/fonts/type1/public/amsfonts/cm/cmex10.pfb></usr/local/texl
ive/2019/texmf-dist/fonts/type1/public/amsfonts/cmextra/cmex7.pfb></usr/local/t
exlive/2019/texmf-dist/fonts/type1/public/amsfonts/cm/cmmi10.pfb></usr/local/te
xlive/2019/texmf-dist/fonts/type1/public/amsfonts/cm/cmmi5.pfb></usr/local/texl
ive/2019/texmf-dist/fonts/type1/public/amsfonts/cm/cmmi7.pfb></usr/local/texliv
e/2019/texmf-dist/fonts/type1/public/amsfonts/cm/cmmi9.pfb></usr/local/texlive/
2019/texmf-dist/fonts/type1/public/amsfonts/cm/cmmib10.pfb></usr/local/texlive/
2019/texmf-dist/fonts/type1/public/amsfonts/cm/cmr10.pfb></usr/local/texlive/20
19/texmf-dist/fonts/type1/public/amsfonts/cm/cmr5.pfb></usr/local/texlive/2019/
texmf-dist/fonts/type1/public/amsfonts/cm/cmr7.pfb></usr/local/texlive/2019/tex
mf-dist/fonts/type1/public/amsfonts/cm/cmr9.pfb></usr/local/texlive/2019/texmf-
dist/fonts/type1/public/amsfonts/cm/cmsy10.pfb></usr/local/texlive/2019/texmf-d
ist/fonts/type1/public/amsfonts/cm/cmsy5.pfb></usr/local/texlive/2019/texmf-dis
t/fonts/type1/public/amsfonts/cm/cmsy7.pfb></usr/local/texlive/2019/texmf-dist/
fonts/type1/public/amsfonts/cm/cmsy9.pfb></usr/local/texlive/2019/texmf-dist/fo
nts/type1/public/amsfonts/symbols/msam10.pfb></usr/local/texlive/2019/texmf-dis
t/fonts/type1/public/amsfonts/symbols/msbm10.pfb></usr/local/texlive/2019/texmf
-dist/fonts/type1/public/cm-super/sftt1000.pfb></usr/local/texlive/2019/texmf-d
ist/fonts/type1/urw/times/utmb8a.pfb></usr/local/texlive/2019/texmf-dist/fonts/
type1/urw/times/utmbi8a.pfb></usr/local/texlive/2019/texmf-dist/fonts/type1/urw
/times/utmr8a.pfb></usr/local/texlive/2019/texmf-dist/fonts/type1/urw/times/utm
ri8a.pfb>
Output written on "Exploring positive noise in estimation theory.pdf" (19 pages
, 941620 bytes).
PDF statistics:
 272 PDF objects out of 1000 (max. 8388607)
 170 compressed objects within 2 object streams
 0 named destinations out of 1000 (max. 500000)
 81 words of extra memory for PDF output out of 10000 (max. 10000000)

